The system is: Linux - 4.1.6-1-ARCH - x86_64
Compiling the Fortran compiler identification source file "CMakeFortranCompilerId.F" succeeded.
Compiler: /usr/bin/f95 
Build flags: 
Id flags: 

The output was:
0


Compilation of the Fortran compiler identification source "CMakeFortranCompilerId.F" produced "a.out"

The Fortran compiler identification is GNU, found in "/home/cfadden/Github/FDTD/build/CMakeFiles/3.3.2/CompilerIdFortran/a.out"

Determining if the Fortran compiler works passed with the following output:
Change Dir: /home/cfadden/Github/FDTD/build/CMakeFiles/CMakeTmp

Run Build Command:"/usr/bin/make" "cmTC_8ad63/fast"
/usr/bin/make -f CMakeFiles/cmTC_8ad63.dir/build.make CMakeFiles/cmTC_8ad63.dir/build
make[1]: Entering directory '/home/cfadden/Github/FDTD/build/CMakeFiles/CMakeTmp'
Building Fortran object CMakeFiles/cmTC_8ad63.dir/testFortranCompiler.f.o
/usr/bin/f95    -c /home/cfadden/Github/FDTD/build/CMakeFiles/CMakeTmp/testFortranCompiler.f -o CMakeFiles/cmTC_8ad63.dir/testFortranCompiler.f.o
Linking Fortran executable cmTC_8ad63
/usr/bin/cmake -E cmake_link_script CMakeFiles/cmTC_8ad63.dir/link.txt --verbose=1
/usr/bin/f95       CMakeFiles/cmTC_8ad63.dir/testFortranCompiler.f.o  -o cmTC_8ad63 -rdynamic 
make[1]: Leaving directory '/home/cfadden/Github/FDTD/build/CMakeFiles/CMakeTmp'


Detecting Fortran compiler ABI info compiled with the following output:
Change Dir: /home/cfadden/Github/FDTD/build/CMakeFiles/CMakeTmp

Run Build Command:"/usr/bin/make" "cmTC_1ca6e/fast"
/usr/bin/make -f CMakeFiles/cmTC_1ca6e.dir/build.make CMakeFiles/cmTC_1ca6e.dir/build
make[1]: Entering directory '/home/cfadden/Github/FDTD/build/CMakeFiles/CMakeTmp'
Building Fortran object CMakeFiles/cmTC_1ca6e.dir/CMakeFortranCompilerABI.F.o
/usr/bin/f95    -c /usr/share/cmake-3.3/Modules/CMakeFortranCompilerABI.F -o CMakeFiles/cmTC_1ca6e.dir/CMakeFortranCompilerABI.F.o
Linking Fortran executable cmTC_1ca6e
/usr/bin/cmake -E cmake_link_script CMakeFiles/cmTC_1ca6e.dir/link.txt --verbose=1
/usr/bin/f95    -v   CMakeFiles/cmTC_1ca6e.dir/CMakeFortranCompilerABI.F.o  -o cmTC_1ca6e -rdynamic  
Driving: /usr/bin/f95 -v CMakeFiles/cmTC_1ca6e.dir/CMakeFortranCompilerABI.F.o -o cmTC_1ca6e -rdynamic -l gfortran -l m -shared-libgcc
Using built-in specs.
COLLECT_GCC=/usr/bin/f95
COLLECT_LTO_WRAPPER=/usr/lib/gcc/x86_64-unknown-linux-gnu/5.2.0/lto-wrapper
Target: x86_64-unknown-linux-gnu
Configured with: /build/gcc/src/gcc-5.2.0/configure --prefix=/usr --libdir=/usr/lib --libexecdir=/usr/lib --mandir=/usr/share/man --infodir=/usr/share/info --with-bugurl=https://bugs.archlinux.org/ --enable-languages=c,c++,ada,fortran,go,lto,objc,obj-c++ --enable-shared --enable-threads=posix --enable-libmpx --with-system-zlib --with-isl --enable-__cxa_atexit --disable-libunwind-exceptions --enable-clocale=gnu --disable-libstdcxx-pch --disable-libssp --enable-gnu-unique-object --enable-linker-build-id --enable-lto --enable-plugin --enable-install-libiberty --with-linker-hash-style=gnu --enable-gnu-indirect-function --disable-multilib --disable-werror --enable-checking=release --with-default-libstdcxx-abi=gcc4-compatible
Thread model: posix
gcc version 5.2.0 (GCC) 
Reading specs from /usr/lib/gcc/x86_64-unknown-linux-gnu/5.2.0/../../../../lib/libgfortran.spec
rename spec lib to liborig
COLLECT_GCC_OPTIONS='-v' '-o' 'cmTC_1ca6e' '-rdynamic' '-shared-libgcc' '-mtune=generic' '-march=x86-64'
COMPILER_PATH=/usr/lib/gcc/x86_64-unknown-linux-gnu/5.2.0/:/usr/lib/gcc/x86_64-unknown-linux-gnu/5.2.0/:/usr/lib/gcc/x86_64-unknown-linux-gnu/:/usr/lib/gcc/x86_64-unknown-linux-gnu/5.2.0/:/usr/lib/gcc/x86_64-unknown-linux-gnu/
LIBRARY_PATH=/usr/lib/gcc/x86_64-unknown-linux-gnu/5.2.0/:/usr/lib/gcc/x86_64-unknown-linux-gnu/5.2.0/../../../../lib/:/lib/../lib/:/usr/lib/../lib/:/usr/lib/gcc/x86_64-unknown-linux-gnu/5.2.0/../../../:/lib/:/usr/lib/
COLLECT_GCC_OPTIONS='-v' '-o' 'cmTC_1ca6e' '-rdynamic' '-shared-libgcc' '-mtune=generic' '-march=x86-64'
 /usr/lib/gcc/x86_64-unknown-linux-gnu/5.2.0/collect2 -plugin /usr/lib/gcc/x86_64-unknown-linux-gnu/5.2.0/liblto_plugin.so -plugin-opt=/usr/lib/gcc/x86_64-unknown-linux-gnu/5.2.0/lto-wrapper -plugin-opt=-fresolution=/tmp/ccc75T46.res -plugin-opt=-pass-through=-lgcc_s -plugin-opt=-pass-through=-lgcc -plugin-opt=-pass-through=-lquadmath -plugin-opt=-pass-through=-lm -plugin-opt=-pass-through=-lgcc_s -plugin-opt=-pass-through=-lgcc -plugin-opt=-pass-through=-lc -plugin-opt=-pass-through=-lgcc_s -plugin-opt=-pass-through=-lgcc --build-id --eh-frame-hdr --hash-style=gnu -m elf_x86_64 -export-dynamic -dynamic-linker /lib64/ld-linux-x86-64.so.2 -o cmTC_1ca6e /usr/lib/gcc/x86_64-unknown-linux-gnu/5.2.0/../../../../lib/crt1.o /usr/lib/gcc/x86_64-unknown-linux-gnu/5.2.0/../../../../lib/crti.o /usr/lib/gcc/x86_64-unknown-linux-gnu/5.2.0/crtbegin.o -L/usr/lib/gcc/x86_64-unknown-linux-gnu/5.2.0 -L/usr/lib/gcc/x86_64-unknown-linux-gnu/5.2.0/../../../../lib -L/lib/../lib -L/usr/lib/../lib -L/usr/lib/gcc/x86_64-unknown-linux-gnu/5.2.0/../../.. CMakeFiles/cmTC_1ca6e.dir/CMakeFortranCompilerABI.F.o -lgfortran -lm -lgcc_s -lgcc -lquadmath -lm -lgcc_s -lgcc -lc -lgcc_s -lgcc /usr/lib/gcc/x86_64-unknown-linux-gnu/5.2.0/crtend.o /usr/lib/gcc/x86_64-unknown-linux-gnu/5.2.0/../../../../lib/crtn.o
make[1]: Leaving directory '/home/cfadden/Github/FDTD/build/CMakeFiles/CMakeTmp'


Parsed Fortran implicit link information from above output:
  link line regex: [^( *|.*[/\])(ld|([^/\]+-)?ld|collect2)[^/\]*( |$)]
  ignore line: [Change Dir: /home/cfadden/Github/FDTD/build/CMakeFiles/CMakeTmp]
  ignore line: []
  ignore line: [Run Build Command:"/usr/bin/make" "cmTC_1ca6e/fast"]
  ignore line: [/usr/bin/make -f CMakeFiles/cmTC_1ca6e.dir/build.make CMakeFiles/cmTC_1ca6e.dir/build]
  ignore line: [make[1]: Entering directory '/home/cfadden/Github/FDTD/build/CMakeFiles/CMakeTmp']
  ignore line: [Building Fortran object CMakeFiles/cmTC_1ca6e.dir/CMakeFortranCompilerABI.F.o]
  ignore line: [/usr/bin/f95    -c /usr/share/cmake-3.3/Modules/CMakeFortranCompilerABI.F -o CMakeFiles/cmTC_1ca6e.dir/CMakeFortranCompilerABI.F.o]
  ignore line: [Linking Fortran executable cmTC_1ca6e]
  ignore line: [/usr/bin/cmake -E cmake_link_script CMakeFiles/cmTC_1ca6e.dir/link.txt --verbose=1]
  ignore line: [/usr/bin/f95    -v   CMakeFiles/cmTC_1ca6e.dir/CMakeFortranCompilerABI.F.o  -o cmTC_1ca6e -rdynamic  ]
  ignore line: [Driving: /usr/bin/f95 -v CMakeFiles/cmTC_1ca6e.dir/CMakeFortranCompilerABI.F.o -o cmTC_1ca6e -rdynamic -l gfortran -l m -shared-libgcc]
  ignore line: [Using built-in specs.]
  ignore line: [COLLECT_GCC=/usr/bin/f95]
  ignore line: [COLLECT_LTO_WRAPPER=/usr/lib/gcc/x86_64-unknown-linux-gnu/5.2.0/lto-wrapper]
  ignore line: [Target: x86_64-unknown-linux-gnu]
  ignore line: [Configured with: /build/gcc/src/gcc-5.2.0/configure --prefix=/usr --libdir=/usr/lib --libexecdir=/usr/lib --mandir=/usr/share/man --infodir=/usr/share/info --with-bugurl=https://bugs.archlinux.org/ --enable-languages=c,c++,ada,fortran,go,lto,objc,obj-c++ --enable-shared --enable-threads=posix --enable-libmpx --with-system-zlib --with-isl --enable-__cxa_atexit --disable-libunwind-exceptions --enable-clocale=gnu --disable-libstdcxx-pch --disable-libssp --enable-gnu-unique-object --enable-linker-build-id --enable-lto --enable-plugin --enable-install-libiberty --with-linker-hash-style=gnu --enable-gnu-indirect-function --disable-multilib --disable-werror --enable-checking=release --with-default-libstdcxx-abi=gcc4-compatible]
  ignore line: [Thread model: posix]
  ignore line: [gcc version 5.2.0 (GCC) ]
  ignore line: [Reading specs from /usr/lib/gcc/x86_64-unknown-linux-gnu/5.2.0/../../../../lib/libgfortran.spec]
  ignore line: [rename spec lib to liborig]
  ignore line: [COLLECT_GCC_OPTIONS='-v' '-o' 'cmTC_1ca6e' '-rdynamic' '-shared-libgcc' '-mtune=generic' '-march=x86-64']
  ignore line: [COMPILER_PATH=/usr/lib/gcc/x86_64-unknown-linux-gnu/5.2.0/:/usr/lib/gcc/x86_64-unknown-linux-gnu/5.2.0/:/usr/lib/gcc/x86_64-unknown-linux-gnu/:/usr/lib/gcc/x86_64-unknown-linux-gnu/5.2.0/:/usr/lib/gcc/x86_64-unknown-linux-gnu/]
  ignore line: [LIBRARY_PATH=/usr/lib/gcc/x86_64-unknown-linux-gnu/5.2.0/:/usr/lib/gcc/x86_64-unknown-linux-gnu/5.2.0/../../../../lib/:/lib/../lib/:/usr/lib/../lib/:/usr/lib/gcc/x86_64-unknown-linux-gnu/5.2.0/../../../:/lib/:/usr/lib/]
  ignore line: [COLLECT_GCC_OPTIONS='-v' '-o' 'cmTC_1ca6e' '-rdynamic' '-shared-libgcc' '-mtune=generic' '-march=x86-64']
  link line: [ /usr/lib/gcc/x86_64-unknown-linux-gnu/5.2.0/collect2 -plugin /usr/lib/gcc/x86_64-unknown-linux-gnu/5.2.0/liblto_plugin.so -plugin-opt=/usr/lib/gcc/x86_64-unknown-linux-gnu/5.2.0/lto-wrapper -plugin-opt=-fresolution=/tmp/ccc75T46.res -plugin-opt=-pass-through=-lgcc_s -plugin-opt=-pass-through=-lgcc -plugin-opt=-pass-through=-lquadmath -plugin-opt=-pass-through=-lm -plugin-opt=-pass-through=-lgcc_s -plugin-opt=-pass-through=-lgcc -plugin-opt=-pass-through=-lc -plugin-opt=-pass-through=-lgcc_s -plugin-opt=-pass-through=-lgcc --build-id --eh-frame-hdr --hash-style=gnu -m elf_x86_64 -export-dynamic -dynamic-linker /lib64/ld-linux-x86-64.so.2 -o cmTC_1ca6e /usr/lib/gcc/x86_64-unknown-linux-gnu/5.2.0/../../../../lib/crt1.o /usr/lib/gcc/x86_64-unknown-linux-gnu/5.2.0/../../../../lib/crti.o /usr/lib/gcc/x86_64-unknown-linux-gnu/5.2.0/crtbegin.o -L/usr/lib/gcc/x86_64-unknown-linux-gnu/5.2.0 -L/usr/lib/gcc/x86_64-unknown-linux-gnu/5.2.0/../../../../lib -L/lib/../lib -L/usr/lib/../lib -L/usr/lib/gcc/x86_64-unknown-linux-gnu/5.2.0/../../.. CMakeFiles/cmTC_1ca6e.dir/CMakeFortranCompilerABI.F.o -lgfortran -lm -lgcc_s -lgcc -lquadmath -lm -lgcc_s -lgcc -lc -lgcc_s -lgcc /usr/lib/gcc/x86_64-unknown-linux-gnu/5.2.0/crtend.o /usr/lib/gcc/x86_64-unknown-linux-gnu/5.2.0/../../../../lib/crtn.o]
    arg [/usr/lib/gcc/x86_64-unknown-linux-gnu/5.2.0/collect2] ==> ignore
    arg [-plugin] ==> ignore
    arg [/usr/lib/gcc/x86_64-unknown-linux-gnu/5.2.0/liblto_plugin.so] ==> ignore
    arg [-plugin-opt=/usr/lib/gcc/x86_64-unknown-linux-gnu/5.2.0/lto-wrapper] ==> ignore
    arg [-plugin-opt=-fresolution=/tmp/ccc75T46.res] ==> ignore
    arg [-plugin-opt=-pass-through=-lgcc_s] ==> ignore
    arg [-plugin-opt=-pass-through=-lgcc] ==> ignore
    arg [-plugin-opt=-pass-through=-lquadmath] ==> ignore
    arg [-plugin-opt=-pass-through=-lm] ==> ignore
    arg [-plugin-opt=-pass-through=-lgcc_s] ==> ignore
    arg [-plugin-opt=-pass-through=-lgcc] ==> ignore
    arg [-plugin-opt=-pass-through=-lc] ==> ignore
    arg [-plugin-opt=-pass-through=-lgcc_s] ==> ignore
    arg [-plugin-opt=-pass-through=-lgcc] ==> ignore
    arg [--build-id] ==> ignore
    arg [--eh-frame-hdr] ==> ignore
    arg [--hash-style=gnu] ==> ignore
    arg [-m] ==> ignore
    arg [elf_x86_64] ==> ignore
    arg [-export-dynamic] ==> ignore
    arg [-dynamic-linker] ==> ignore
    arg [/lib64/ld-linux-x86-64.so.2] ==> ignore
    arg [-o] ==> ignore
    arg [cmTC_1ca6e] ==> ignore
    arg [/usr/lib/gcc/x86_64-unknown-linux-gnu/5.2.0/../../../../lib/crt1.o] ==> ignore
    arg [/usr/lib/gcc/x86_64-unknown-linux-gnu/5.2.0/../../../../lib/crti.o] ==> ignore
    arg [/usr/lib/gcc/x86_64-unknown-linux-gnu/5.2.0/crtbegin.o] ==> ignore
    arg [-L/usr/lib/gcc/x86_64-unknown-linux-gnu/5.2.0] ==> dir [/usr/lib/gcc/x86_64-unknown-linux-gnu/5.2.0]
    arg [-L/usr/lib/gcc/x86_64-unknown-linux-gnu/5.2.0/../../../../lib] ==> dir [/usr/lib/gcc/x86_64-unknown-linux-gnu/5.2.0/../../../../lib]
    arg [-L/lib/../lib] ==> dir [/lib/../lib]
    arg [-L/usr/lib/../lib] ==> dir [/usr/lib/../lib]
    arg [-L/usr/lib/gcc/x86_64-unknown-linux-gnu/5.2.0/../../..] ==> dir [/usr/lib/gcc/x86_64-unknown-linux-gnu/5.2.0/../../..]
    arg [CMakeFiles/cmTC_1ca6e.dir/CMakeFortranCompilerABI.F.o] ==> ignore
    arg [-lgfortran] ==> lib [gfortran]
    arg [-lm] ==> lib [m]
    arg [-lgcc_s] ==> lib [gcc_s]
    arg [-lgcc] ==> lib [gcc]
    arg [-lquadmath] ==> lib [quadmath]
    arg [-lm] ==> lib [m]
    arg [-lgcc_s] ==> lib [gcc_s]
    arg [-lgcc] ==> lib [gcc]
    arg [-lc] ==> lib [c]
    arg [-lgcc_s] ==> lib [gcc_s]
    arg [-lgcc] ==> lib [gcc]
    arg [/usr/lib/gcc/x86_64-unknown-linux-gnu/5.2.0/crtend.o] ==> ignore
    arg [/usr/lib/gcc/x86_64-unknown-linux-gnu/5.2.0/../../../../lib/crtn.o] ==> ignore
  remove lib [gcc_s]
  remove lib [gcc]
  remove lib [gcc_s]
  remove lib [gcc]
  remove lib [gcc_s]
  remove lib [gcc]
  collapse library dir [/usr/lib/gcc/x86_64-unknown-linux-gnu/5.2.0] ==> [/usr/lib/gcc/x86_64-unknown-linux-gnu/5.2.0]
  collapse library dir [/usr/lib/gcc/x86_64-unknown-linux-gnu/5.2.0/../../../../lib] ==> [/usr/lib]
  collapse library dir [/lib/../lib] ==> [/lib]
  collapse library dir [/usr/lib/../lib] ==> [/usr/lib]
  collapse library dir [/usr/lib/gcc/x86_64-unknown-linux-gnu/5.2.0/../../..] ==> [/usr/lib]
  implicit libs: [gfortran;m;quadmath;m;c]
  implicit dirs: [/usr/lib/gcc/x86_64-unknown-linux-gnu/5.2.0;/usr/lib;/lib]
  implicit fwks: []


Determining if the Fortran compiler supports Fortran 90 passed with the following output:
Change Dir: /home/cfadden/Github/FDTD/build/CMakeFiles/CMakeTmp

Run Build Command:"/usr/bin/make" "cmTC_fb93d/fast"
/usr/bin/make -f CMakeFiles/cmTC_fb93d.dir/build.make CMakeFiles/cmTC_fb93d.dir/build
make[1]: Entering directory '/home/cfadden/Github/FDTD/build/CMakeFiles/CMakeTmp'
Building Fortran object CMakeFiles/cmTC_fb93d.dir/testFortranCompilerF90.f90.o
/usr/bin/f95    -c /home/cfadden/Github/FDTD/build/CMakeFiles/CMakeTmp/testFortranCompilerF90.f90 -o CMakeFiles/cmTC_fb93d.dir/testFortranCompilerF90.f90.o
Linking Fortran executable cmTC_fb93d
/usr/bin/cmake -E cmake_link_script CMakeFiles/cmTC_fb93d.dir/link.txt --verbose=1
/usr/bin/f95       CMakeFiles/cmTC_fb93d.dir/testFortranCompilerF90.f90.o  -o cmTC_fb93d -rdynamic 
make[1]: Leaving directory '/home/cfadden/Github/FDTD/build/CMakeFiles/CMakeTmp'


